Copyright 1986-2018 Xilinx, Inc. All Rights Reserved.
-----------------------------------------------------------------------------------------------------------------------------------------------------------------------------------------------
| Tool Version : Vivado v.2018.3 (win64) Build 2405991 Thu Dec  6 23:38:27 MST 2018
| Date         : Mon Nov 27 02:09:23 2023
| Host         : Royal running 64-bit major release  (build 9200)
| Command      : report_timing_summary -max_paths 10 -file Datapath_timing_summary_routed.rpt -pb Datapath_timing_summary_routed.pb -rpx Datapath_timing_summary_routed.rpx -warn_on_violation
| Design       : Datapath
| Device       : 7z020-clg400
| Speed File   : -1  PRODUCTION 1.11 2014-09-11
-----------------------------------------------------------------------------------------------------------------------------------------------------------------------------------------------

Timing Summary Report

------------------------------------------------------------------------------------------------
| Timer Settings
| --------------
------------------------------------------------------------------------------------------------

  Enable Multi Corner Analysis               :  Yes
  Enable Pessimism Removal                   :  Yes
  Pessimism Removal Resolution               :  Nearest Common Node
  Enable Input Delay Default Clock           :  No
  Enable Preset / Clear Arcs                 :  No
  Disable Flight Delays                      :  No
  Ignore I/O Paths                           :  No
  Timing Early Launch at Borrowing Latches   :  false

  Corner  Analyze    Analyze    
  Name    Max Paths  Min Paths  
  ------  ---------  ---------  
  Slow    Yes        Yes        
  Fast    Yes        Yes        



check_timing report

Table of Contents
-----------------
1. checking no_clock
2. checking constant_clock
3. checking pulse_width_clock
4. checking unconstrained_internal_endpoints
5. checking no_input_delay
6. checking no_output_delay
7. checking multiple_clock
8. checking generated_clocks
9. checking loops
10. checking partial_input_delay
11. checking partial_output_delay
12. checking latch_loops

1. checking no_clock
--------------------
 There are 14 register/latch pins with no clock driven by root clock pin: je[1] (HIGH)

 There are 141 register/latch pins with no clock driven by root clock pin: sysclk (HIGH)

 There are 10 register/latch pins with no clock driven by root clock pin: AluOut_reg[9]/Q (HIGH)

 There are 10 register/latch pins with no clock driven by root clock pin: PC_reg[0]/Q (HIGH)

 There are 10 register/latch pins with no clock driven by root clock pin: PC_reg[10]/Q (HIGH)

 There are 10 register/latch pins with no clock driven by root clock pin: PC_reg[11]/Q (HIGH)

 There are 10 register/latch pins with no clock driven by root clock pin: PC_reg[12]/Q (HIGH)

 There are 10 register/latch pins with no clock driven by root clock pin: PC_reg[13]/Q (HIGH)

 There are 10 register/latch pins with no clock driven by root clock pin: PC_reg[14]/Q (HIGH)

 There are 10 register/latch pins with no clock driven by root clock pin: PC_reg[15]/Q (HIGH)

 There are 10 register/latch pins with no clock driven by root clock pin: PC_reg[16]/Q (HIGH)

 There are 10 register/latch pins with no clock driven by root clock pin: PC_reg[17]/Q (HIGH)

 There are 10 register/latch pins with no clock driven by root clock pin: PC_reg[18]/Q (HIGH)

 There are 10 register/latch pins with no clock driven by root clock pin: PC_reg[19]/Q (HIGH)

 There are 10 register/latch pins with no clock driven by root clock pin: PC_reg[1]/Q (HIGH)

 There are 10 register/latch pins with no clock driven by root clock pin: PC_reg[20]/Q (HIGH)

 There are 10 register/latch pins with no clock driven by root clock pin: PC_reg[21]/Q (HIGH)

 There are 10 register/latch pins with no clock driven by root clock pin: PC_reg[22]/Q (HIGH)

 There are 10 register/latch pins with no clock driven by root clock pin: PC_reg[23]/Q (HIGH)

 There are 10 register/latch pins with no clock driven by root clock pin: PC_reg[24]/Q (HIGH)

 There are 10 register/latch pins with no clock driven by root clock pin: PC_reg[25]/Q (HIGH)

 There are 10 register/latch pins with no clock driven by root clock pin: PC_reg[26]/Q (HIGH)

 There are 10 register/latch pins with no clock driven by root clock pin: PC_reg[27]/Q (HIGH)

 There are 10 register/latch pins with no clock driven by root clock pin: PC_reg[28]/Q (HIGH)

 There are 10 register/latch pins with no clock driven by root clock pin: PC_reg[29]/Q (HIGH)

 There are 10 register/latch pins with no clock driven by root clock pin: PC_reg[2]/Q (HIGH)

 There are 10 register/latch pins with no clock driven by root clock pin: PC_reg[30]/Q (HIGH)

 There are 10 register/latch pins with no clock driven by root clock pin: PC_reg[31]/Q (HIGH)

 There are 10 register/latch pins with no clock driven by root clock pin: PC_reg[3]/Q (HIGH)

 There are 10 register/latch pins with no clock driven by root clock pin: PC_reg[4]/Q (HIGH)

 There are 10 register/latch pins with no clock driven by root clock pin: PC_reg[5]/Q (HIGH)

 There are 10 register/latch pins with no clock driven by root clock pin: PC_reg[6]/Q (HIGH)

 There are 10 register/latch pins with no clock driven by root clock pin: PC_reg[7]/Q (HIGH)

 There are 10 register/latch pins with no clock driven by root clock pin: PC_reg[8]/Q (HIGH)

 There are 10 register/latch pins with no clock driven by root clock pin: PC_reg[9]/Q (HIGH)

 There are 11326 register/latch pins with no clock driven by root clock pin: counter_reg[6]/Q (HIGH)

 There are 10 register/latch pins with no clock driven by root clock pin: cu/state_reg[0]/Q (HIGH)

 There are 10 register/latch pins with no clock driven by root clock pin: cu/state_reg[1]/Q (HIGH)

 There are 10 register/latch pins with no clock driven by root clock pin: cu/state_reg[2]/Q (HIGH)

 There are 10 register/latch pins with no clock driven by root clock pin: cu/state_reg[3]/Q (HIGH)

 There are 13 register/latch pins with no clock driven by root clock pin: keyb/kb_unit/current_state_reg[0]/Q (HIGH)

 There is 1 register/latch pin with no clock driven by root clock pin: keyb/kb_unit/ps2_rx_unit/rx_done_tick_reg/Q (HIGH)

 There are 10 register/latch pins with no clock driven by root clock pin: mem/ram/data_reg[9]/Q (HIGH)

 There are 10 register/latch pins with no clock driven by root clock pin: mem/rom/IR_reg_0/DOADO[0] (HIGH)

 There are 10 register/latch pins with no clock driven by root clock pin: mem/rom/IR_reg_0/DOADO[1] (HIGH)

 There are 10 register/latch pins with no clock driven by root clock pin: mem/rom/IR_reg_1/DOADO[0] (HIGH)

 There are 10 register/latch pins with no clock driven by root clock pin: mem/rom/IR_reg_1/DOADO[1] (HIGH)

 There are 10 register/latch pins with no clock driven by root clock pin: mem/rom/IR_reg_10/DOADO[0] (HIGH)

 There are 10 register/latch pins with no clock driven by root clock pin: mem/rom/IR_reg_10/DOADO[1] (HIGH)

 There are 10 register/latch pins with no clock driven by root clock pin: mem/rom/IR_reg_11/DOADO[0] (HIGH)

 There are 10 register/latch pins with no clock driven by root clock pin: mem/rom/IR_reg_11/DOADO[1] (HIGH)

 There are 10 register/latch pins with no clock driven by root clock pin: mem/rom/IR_reg_12/DOADO[0] (HIGH)

 There are 10 register/latch pins with no clock driven by root clock pin: mem/rom/IR_reg_13/DOADO[0] (HIGH)

 There are 10 register/latch pins with no clock driven by root clock pin: mem/rom/IR_reg_13/DOADO[1] (HIGH)

 There are 10 register/latch pins with no clock driven by root clock pin: mem/rom/IR_reg_2/DOADO[0] (HIGH)

 There are 10 register/latch pins with no clock driven by root clock pin: mem/rom/IR_reg_2/DOADO[1] (HIGH)

 There are 10 register/latch pins with no clock driven by root clock pin: mem/rom/IR_reg_3/DOADO[0] (HIGH)

 There are 10 register/latch pins with no clock driven by root clock pin: mem/rom/IR_reg_3/DOADO[1] (HIGH)

 There are 10 register/latch pins with no clock driven by root clock pin: mem/rom/IR_reg_4/DOADO[0] (HIGH)

 There are 10 register/latch pins with no clock driven by root clock pin: mem/rom/IR_reg_4/DOADO[1] (HIGH)

 There are 10 register/latch pins with no clock driven by root clock pin: mem/rom/IR_reg_5/DOADO[0] (HIGH)

 There are 10 register/latch pins with no clock driven by root clock pin: mem/rom/IR_reg_5/DOADO[1] (HIGH)

 There are 10 register/latch pins with no clock driven by root clock pin: mem/rom/IR_reg_6/DOADO[0] (HIGH)

 There are 10 register/latch pins with no clock driven by root clock pin: mem/rom/IR_reg_6/DOADO[1] (HIGH)

 There are 10 register/latch pins with no clock driven by root clock pin: mem/rom/IR_reg_7/DOADO[0] (HIGH)

 There are 10 register/latch pins with no clock driven by root clock pin: mem/rom/IR_reg_7/DOADO[1] (HIGH)

 There are 10 register/latch pins with no clock driven by root clock pin: mem/rom/IR_reg_8/DOADO[0] (HIGH)

 There are 10 register/latch pins with no clock driven by root clock pin: mem/rom/IR_reg_8/DOADO[1] (HIGH)

 There are 10 register/latch pins with no clock driven by root clock pin: mem/rom/IR_reg_9/DOADO[0] (HIGH)

 There are 10 register/latch pins with no clock driven by root clock pin: mem/rom/IR_reg_9/DOADO[1] (HIGH)

 There are 10 register/latch pins with no clock driven by root clock pin: regRD1A_reg[0]/Q (HIGH)

 There are 10 register/latch pins with no clock driven by root clock pin: regRD1A_reg[10]/Q (HIGH)

 There are 10 register/latch pins with no clock driven by root clock pin: regRD1A_reg[11]/Q (HIGH)

 There are 10 register/latch pins with no clock driven by root clock pin: regRD1A_reg[12]/Q (HIGH)

 There are 10 register/latch pins with no clock driven by root clock pin: regRD1A_reg[13]/Q (HIGH)

 There are 10 register/latch pins with no clock driven by root clock pin: regRD1A_reg[14]/Q (HIGH)

 There are 10 register/latch pins with no clock driven by root clock pin: regRD1A_reg[15]/Q (HIGH)

 There are 10 register/latch pins with no clock driven by root clock pin: regRD1A_reg[16]/Q (HIGH)

 There are 10 register/latch pins with no clock driven by root clock pin: regRD1A_reg[17]/Q (HIGH)

 There are 10 register/latch pins with no clock driven by root clock pin: regRD1A_reg[18]/Q (HIGH)

 There are 10 register/latch pins with no clock driven by root clock pin: regRD1A_reg[19]/Q (HIGH)

 There are 10 register/latch pins with no clock driven by root clock pin: regRD1A_reg[1]/Q (HIGH)

 There are 10 register/latch pins with no clock driven by root clock pin: regRD1A_reg[20]/Q (HIGH)

 There are 10 register/latch pins with no clock driven by root clock pin: regRD1A_reg[21]/Q (HIGH)

 There are 10 register/latch pins with no clock driven by root clock pin: regRD1A_reg[22]/Q (HIGH)

 There are 10 register/latch pins with no clock driven by root clock pin: regRD1A_reg[23]/Q (HIGH)

 There are 10 register/latch pins with no clock driven by root clock pin: regRD1A_reg[24]/Q (HIGH)

 There are 10 register/latch pins with no clock driven by root clock pin: regRD1A_reg[25]/Q (HIGH)

 There are 10 register/latch pins with no clock driven by root clock pin: regRD1A_reg[26]/Q (HIGH)

 There are 10 register/latch pins with no clock driven by root clock pin: regRD1A_reg[27]/Q (HIGH)

 There are 10 register/latch pins with no clock driven by root clock pin: regRD1A_reg[28]/Q (HIGH)

 There are 10 register/latch pins with no clock driven by root clock pin: regRD1A_reg[29]/Q (HIGH)

 There are 10 register/latch pins with no clock driven by root clock pin: regRD1A_reg[2]/Q (HIGH)

 There are 10 register/latch pins with no clock driven by root clock pin: regRD1A_reg[30]/Q (HIGH)

 There are 10 register/latch pins with no clock driven by root clock pin: regRD1A_reg[31]/Q (HIGH)

 There are 10 register/latch pins with no clock driven by root clock pin: regRD1A_reg[3]/Q (HIGH)

 There are 10 register/latch pins with no clock driven by root clock pin: regRD1A_reg[4]/Q (HIGH)

 There are 10 register/latch pins with no clock driven by root clock pin: regRD1A_reg[5]/Q (HIGH)

 There are 10 register/latch pins with no clock driven by root clock pin: regRD1A_reg[6]/Q (HIGH)

 There are 10 register/latch pins with no clock driven by root clock pin: regRD1A_reg[7]/Q (HIGH)

 There are 10 register/latch pins with no clock driven by root clock pin: regRD1A_reg[8]/Q (HIGH)

 There are 10 register/latch pins with no clock driven by root clock pin: regRD1A_reg[9]/Q (HIGH)

 There are 10 register/latch pins with no clock driven by root clock pin: regRD2A_reg[0]/Q (HIGH)

 There are 10 register/latch pins with no clock driven by root clock pin: regRD2A_reg[10]/Q (HIGH)

 There are 10 register/latch pins with no clock driven by root clock pin: regRD2A_reg[11]/Q (HIGH)

 There are 10 register/latch pins with no clock driven by root clock pin: regRD2A_reg[12]/Q (HIGH)

 There are 10 register/latch pins with no clock driven by root clock pin: regRD2A_reg[13]/Q (HIGH)

 There are 10 register/latch pins with no clock driven by root clock pin: regRD2A_reg[14]/Q (HIGH)

 There are 10 register/latch pins with no clock driven by root clock pin: regRD2A_reg[15]/Q (HIGH)

 There are 10 register/latch pins with no clock driven by root clock pin: regRD2A_reg[16]/Q (HIGH)

 There are 10 register/latch pins with no clock driven by root clock pin: regRD2A_reg[17]/Q (HIGH)

 There are 10 register/latch pins with no clock driven by root clock pin: regRD2A_reg[18]/Q (HIGH)

 There are 10 register/latch pins with no clock driven by root clock pin: regRD2A_reg[19]/Q (HIGH)

 There are 10 register/latch pins with no clock driven by root clock pin: regRD2A_reg[1]/Q (HIGH)

 There are 10 register/latch pins with no clock driven by root clock pin: regRD2A_reg[20]/Q (HIGH)

 There are 10 register/latch pins with no clock driven by root clock pin: regRD2A_reg[21]/Q (HIGH)

 There are 10 register/latch pins with no clock driven by root clock pin: regRD2A_reg[22]/Q (HIGH)

 There are 10 register/latch pins with no clock driven by root clock pin: regRD2A_reg[23]/Q (HIGH)

 There are 10 register/latch pins with no clock driven by root clock pin: regRD2A_reg[24]/Q (HIGH)

 There are 10 register/latch pins with no clock driven by root clock pin: regRD2A_reg[25]/Q (HIGH)

 There are 10 register/latch pins with no clock driven by root clock pin: regRD2A_reg[26]/Q (HIGH)

 There are 10 register/latch pins with no clock driven by root clock pin: regRD2A_reg[27]/Q (HIGH)

 There are 10 register/latch pins with no clock driven by root clock pin: regRD2A_reg[28]/Q (HIGH)

 There are 10 register/latch pins with no clock driven by root clock pin: regRD2A_reg[29]/Q (HIGH)

 There are 10 register/latch pins with no clock driven by root clock pin: regRD2A_reg[2]/Q (HIGH)

 There are 10 register/latch pins with no clock driven by root clock pin: regRD2A_reg[30]/Q (HIGH)

 There are 10 register/latch pins with no clock driven by root clock pin: regRD2A_reg[31]/Q (HIGH)

 There are 10 register/latch pins with no clock driven by root clock pin: regRD2A_reg[3]/Q (HIGH)

 There are 10 register/latch pins with no clock driven by root clock pin: regRD2A_reg[4]/Q (HIGH)

 There are 10 register/latch pins with no clock driven by root clock pin: regRD2A_reg[5]/Q (HIGH)

 There are 10 register/latch pins with no clock driven by root clock pin: regRD2A_reg[6]/Q (HIGH)

 There are 10 register/latch pins with no clock driven by root clock pin: regRD2A_reg[7]/Q (HIGH)

 There are 10 register/latch pins with no clock driven by root clock pin: regRD2A_reg[8]/Q (HIGH)

 There are 10 register/latch pins with no clock driven by root clock pin: regRD2A_reg[9]/Q (HIGH)


2. checking constant_clock
--------------------------
 There are 0 register/latch pins with constant_clock.


3. checking pulse_width_clock
-----------------------------
 There are 0 register/latch pins which need pulse_width check


4. checking unconstrained_internal_endpoints
--------------------------------------------
 There are 105432 pins that are not constrained for maximum delay. (HIGH)

 There are 0 pins that are not constrained for maximum delay due to constant clock.


5. checking no_input_delay
--------------------------
 There is 1 input port with no input delay specified. (HIGH)

 There are 0 input ports with no input delay but user has a false path constraint.


6. checking no_output_delay
---------------------------
 There are 7 ports with no output delay specified. (HIGH)

 There are 0 ports with no output delay but user has a false path constraint

 There are 0 ports with no output delay but with a timing clock defined on it or propagating through it


7. checking multiple_clock
--------------------------
 There are 0 register/latch pins with multiple clocks.


8. checking generated_clocks
----------------------------
 There are 0 generated clocks that are not connected to a clock source.


9. checking loops
-----------------
 There are 0 combinational loops in the design.


10. checking partial_input_delay
--------------------------------
 There are 0 input ports with partial input delay specified.


11. checking partial_output_delay
---------------------------------
 There are 0 ports with partial output delay specified.


12. checking latch_loops
------------------------
 There are 0 combinational latch loops in the design through latch input



------------------------------------------------------------------------------------------------
| Design Timing Summary
| ---------------------
------------------------------------------------------------------------------------------------

    WNS(ns)      TNS(ns)  TNS Failing Endpoints  TNS Total Endpoints      WHS(ns)      THS(ns)  THS Failing Endpoints  THS Total Endpoints     WPWS(ns)     TPWS(ns)  TPWS Failing Endpoints  TPWS Total Endpoints  
    -------      -------  ---------------------  -------------------      -------      -------  ---------------------  -------------------     --------     --------  ----------------------  --------------------  
         NA           NA                     NA                   NA           NA           NA                     NA                   NA           NA           NA                      NA                    NA  


There are no user specified timing constraints.


------------------------------------------------------------------------------------------------
| Clock Summary
| -------------
------------------------------------------------------------------------------------------------


------------------------------------------------------------------------------------------------
| Intra Clock Table
| -----------------
------------------------------------------------------------------------------------------------

Clock             WNS(ns)      TNS(ns)  TNS Failing Endpoints  TNS Total Endpoints      WHS(ns)      THS(ns)  THS Failing Endpoints  THS Total Endpoints     WPWS(ns)     TPWS(ns)  TPWS Failing Endpoints  TPWS Total Endpoints  
-----             -------      -------  ---------------------  -------------------      -------      -------  ---------------------  -------------------     --------     --------  ----------------------  --------------------  


------------------------------------------------------------------------------------------------
| Inter Clock Table
| -----------------
------------------------------------------------------------------------------------------------

From Clock    To Clock          WNS(ns)      TNS(ns)  TNS Failing Endpoints  TNS Total Endpoints      WHS(ns)      THS(ns)  THS Failing Endpoints  THS Total Endpoints  
----------    --------          -------      -------  ---------------------  -------------------      -------      -------  ---------------------  -------------------  


------------------------------------------------------------------------------------------------
| Other Path Groups Table
| -----------------------
------------------------------------------------------------------------------------------------

Path Group    From Clock    To Clock          WNS(ns)      TNS(ns)  TNS Failing Endpoints  TNS Total Endpoints      WHS(ns)      THS(ns)  THS Failing Endpoints  THS Total Endpoints  
----------    ----------    --------          -------      -------  ---------------------  -------------------      -------      -------  ---------------------  -------------------  


------------------------------------------------------------------------------------------------
| Timing Details
| --------------
------------------------------------------------------------------------------------------------


